This is pdfTeX, Version 3.14159265-2.6-1.40.18 (TeX Live 2017/W32TeX) (preloaded format=pdflatex 2017.7.8)  23 SEP 2017 13:05
entering extended mode
 restricted \write18 enabled.
 %&-line parsing enabled.
**./iberamia_original.tex
(./iberamia_original.tex
LaTeX2e <2017-04-15>
Babel <3.12> and hyphenation patterns for 84 language(s) loaded.
(c:/texlive/2017/texmf-dist/tex/latex/base/article.cls
Document Class: article 2014/09/29 v1.4h Standard LaTeX document class
(c:/texlive/2017/texmf-dist/tex/latex/base/size10.clo
File: size10.clo 2014/09/29 v1.4h Standard LaTeX file (size option)
)
\c@part=\count79
\c@section=\count80
\c@subsection=\count81
\c@subsubsection=\count82
\c@paragraph=\count83
\c@subparagraph=\count84
\c@figure=\count85
\c@table=\count86
\abovecaptionskip=\skip41
\belowcaptionskip=\skip42
\bibindent=\dimen102
)
(c:/texlive/2017/texmf-dist/tex/generic/babel/babel.sty
Package: babel 2017/06/29 3.12 The Babel package

(c:/texlive/2017/texmf-dist/tex/generic/babel/switch.def
File: switch.def 2017/06/29 3.12 Babel switching mechanism
)
(c:/texlive/2017/texmf-dist/tex/generic/babel-spanish/spanish.ldf
Language: spanish.ldf 2016/03/03 v5.0p Spanish support from the babel system

(c:/texlive/2017/texmf-dist/tex/generic/babel/babel.def
File: babel.def 2017/06/29 3.12 Babel common definitions

(c:/texlive/2017/texmf-dist/tex/generic/babel/switch.def
File: switch.def 2017/06/29 3.12 Babel switching mechanism
)
\babel@savecnt=\count87
\U@D=\dimen103
)
\es@quottoks=\toks14
\es@quotdepth=\count88
Package babel Info: Making " an active character on input line 561.
Package babel Info: Making . an active character on input line 662.
Package babel Info: Making < an active character on input line 707.
Package babel Info: Making > an active character on input line 707.
))
(c:/texlive/2017/texmf-dist/tex/latex/base/inputenc.sty
Package: inputenc 2015/03/17 v1.2c Input encoding file
\inpenc@prehook=\toks15
\inpenc@posthook=\toks16

(c:/texlive/2017/texmf-dist/tex/latex/base/latin1.def
File: latin1.def 2015/03/17 v1.2c Input encoding file
))
(c:/texlive/2017/texmf-dist/tex/latex/amsfonts/amssymb.sty
Package: amssymb 2013/01/14 v3.01 AMS font symbols

(c:/texlive/2017/texmf-dist/tex/latex/amsfonts/amsfonts.sty
Package: amsfonts 2013/01/14 v3.01 Basic AMSFonts support
\@emptytoks=\toks17
\symAMSa=\mathgroup4
\symAMSb=\mathgroup5
LaTeX Font Info:    Overwriting math alphabet `\mathfrak' in version `bold'
(Font)                  U/euf/m/n --> U/euf/b/n on input line 106.
))
(c:/texlive/2017/texmf-dist/tex/latex/amsmath/amsmath.sty
Package: amsmath 2016/11/05 v2.16a AMS math features
\@mathmargin=\skip43

For additional information on amsmath, use the `?' option.
(c:/texlive/2017/texmf-dist/tex/latex/amsmath/amstext.sty
Package: amstext 2000/06/29 v2.01 AMS text

(c:/texlive/2017/texmf-dist/tex/latex/amsmath/amsgen.sty
File: amsgen.sty 1999/11/30 v2.0 generic functions
\@emptytoks=\toks18
\ex@=\dimen104
))
(c:/texlive/2017/texmf-dist/tex/latex/amsmath/amsbsy.sty
Package: amsbsy 1999/11/29 v1.2d Bold Symbols
\pmbraise@=\dimen105
)
(c:/texlive/2017/texmf-dist/tex/latex/amsmath/amsopn.sty
Package: amsopn 2016/03/08 v2.02 operator names
)
\inf@bad=\count89
LaTeX Info: Redefining \frac on input line 213.
\uproot@=\count90
\leftroot@=\count91
LaTeX Info: Redefining \overline on input line 375.
\classnum@=\count92
\DOTSCASE@=\count93
LaTeX Info: Redefining \ldots on input line 472.
LaTeX Info: Redefining \dots on input line 475.
LaTeX Info: Redefining \cdots on input line 596.
\Mathstrutbox@=\box26
\strutbox@=\box27
\big@size=\dimen106
LaTeX Font Info:    Redeclaring font encoding OML on input line 712.
LaTeX Font Info:    Redeclaring font encoding OMS on input line 713.
\macc@depth=\count94
\c@MaxMatrixCols=\count95
\dotsspace@=\muskip10
\c@parentequation=\count96
\dspbrk@lvl=\count97
\tag@help=\toks19
\row@=\count98
\column@=\count99
\maxfields@=\count100
\andhelp@=\toks20
\eqnshift@=\dimen107
\alignsep@=\dimen108
\tagshift@=\dimen109
\tagwidth@=\dimen110
\totwidth@=\dimen111
\lineht@=\dimen112
\@envbody=\toks21
\multlinegap=\skip44
\multlinetaggap=\skip45
\mathdisplay@stack=\toks22
LaTeX Info: Redefining \[ on input line 2817.
LaTeX Info: Redefining \] on input line 2818.
) (./fancyhdr.sty
\headwidth=\dimen113
)
(c:/texlive/2017/texmf-dist/tex/latex/tools/verbatim.sty
Package: verbatim 2014/10/28 v1.5q LaTeX2e package for verbatim enhancements
\every@verbatim=\toks23
\verbatim@line=\toks24
\verbatim@in@stream=\read1
) (./lastpage.sty
Package: lastpage 1994/06/25 v0.1b LaTeX2e package for refs to last page number
 (JPG)
)
(./ifthen.sty
Package: ifthen 2001/05/26 v1.1c Standard LaTeX ifthen package (DPC)
) (c:/texlive/2017/texmf-dist/tex/latex/graphics/color.sty
Package: color 2016/07/10 v1.1e Standard LaTeX Color (DPC)

(c:/texlive/2017/texmf-dist/tex/latex/graphics-cfg/color.cfg
File: color.cfg 2016/01/02 v1.6 sample color configuration
)
Package color Info: Driver file: pdftex.def on input line 147.

(c:/texlive/2017/texmf-dist/tex/latex/graphics-def/pdftex.def
File: pdftex.def 2017/06/24 v1.0g Graphics/color driver for pdftex
))
(c:/texlive/2017/texmf-dist/tex/latex/graphics/graphicx.sty
Package: graphicx 2017/06/01 v1.1a Enhanced LaTeX Graphics (DPC,SPQR)

(c:/texlive/2017/texmf-dist/tex/latex/graphics/keyval.sty
Package: keyval 2014/10/28 v1.15 key=value parser (DPC)
\KV@toks@=\toks25
)
(c:/texlive/2017/texmf-dist/tex/latex/graphics/graphics.sty
Package: graphics 2017/06/25 v1.2c Standard LaTeX Graphics (DPC,SPQR)

(c:/texlive/2017/texmf-dist/tex/latex/graphics/trig.sty
Package: trig 2016/01/03 v1.10 sin cos tan (DPC)
)
(c:/texlive/2017/texmf-dist/tex/latex/graphics-cfg/graphics.cfg
File: graphics.cfg 2016/06/04 v1.11 sample graphics configuration
)
Package graphics Info: Driver file: pdftex.def on input line 99.
)
\Gin@req@height=\dimen114
\Gin@req@width=\dimen115
)
(c:/texlive/2017/texmf-dist/tex/latex/hyperref/hyperref.sty
Package: hyperref 2017/03/14 v6.85a Hypertext links for LaTeX

(c:/texlive/2017/texmf-dist/tex/generic/oberdiek/hobsub-hyperref.sty
Package: hobsub-hyperref 2016/05/16 v1.14 Bundle oberdiek, subset hyperref (HO)


(c:/texlive/2017/texmf-dist/tex/generic/oberdiek/hobsub-generic.sty
Package: hobsub-generic 2016/05/16 v1.14 Bundle oberdiek, subset generic (HO)
Package: hobsub 2016/05/16 v1.14 Construct package bundles (HO)
Package: infwarerr 2016/05/16 v1.4 Providing info/warning/error messages (HO)
Package: ltxcmds 2016/05/16 v1.23 LaTeX kernel commands for general use (HO)
Package: ifluatex 2016/05/16 v1.4 Provides the ifluatex switch (HO)
Package ifluatex Info: LuaTeX not detected.
Package: ifvtex 2016/05/16 v1.6 Detect VTeX and its facilities (HO)
Package ifvtex Info: VTeX not detected.
Package: intcalc 2016/05/16 v1.2 Expandable calculations with integers (HO)
Package: ifpdf 2017/03/15 v3.2 Provides the ifpdf switch
Package: etexcmds 2016/05/16 v1.6 Avoid name clashes with e-TeX commands (HO)
Package etexcmds Info: Could not find \expanded.
(etexcmds)             That can mean that you are not using pdfTeX 1.50 or
(etexcmds)             that some package has redefined \expanded.
(etexcmds)             In the latter case, load this package earlier.
Package: kvsetkeys 2016/05/16 v1.17 Key value parser (HO)
Package: kvdefinekeys 2016/05/16 v1.4 Define keys (HO)
Package: pdftexcmds 2017/03/19 v0.25 Utility functions of pdfTeX for LuaTeX (HO
)
Package pdftexcmds Info: LuaTeX not detected.
Package pdftexcmds Info: \pdf@primitive is available.
Package pdftexcmds Info: \pdf@ifprimitive is available.
Package pdftexcmds Info: \pdfdraftmode found.
Package: pdfescape 2016/05/16 v1.14 Implements pdfTeX's escape features (HO)
Package: bigintcalc 2016/05/16 v1.4 Expandable calculations on big integers (HO
)
Package: bitset 2016/05/16 v1.2 Handle bit-vector datatype (HO)
Package: uniquecounter 2016/05/16 v1.3 Provide unlimited unique counter (HO)
)
Package hobsub Info: Skipping package `hobsub' (already loaded).
Package: letltxmacro 2016/05/16 v1.5 Let assignment for LaTeX macros (HO)
Package: hopatch 2016/05/16 v1.3 Wrapper for package hooks (HO)
Package: xcolor-patch 2016/05/16 xcolor patch
Package: atveryend 2016/05/16 v1.9 Hooks at the very end of document (HO)
Package atveryend Info: \enddocument detected (standard20110627).
Package: atbegshi 2016/06/09 v1.18 At begin shipout hook (HO)
Package: refcount 2016/05/16 v3.5 Data extraction from label references (HO)
Package: hycolor 2016/05/16 v1.8 Color options for hyperref/bookmark (HO)
)
(c:/texlive/2017/texmf-dist/tex/generic/ifxetex/ifxetex.sty
Package: ifxetex 2010/09/12 v0.6 Provides ifxetex conditional
)
(c:/texlive/2017/texmf-dist/tex/latex/oberdiek/auxhook.sty
Package: auxhook 2016/05/16 v1.4 Hooks for auxiliary files (HO)
)
(c:/texlive/2017/texmf-dist/tex/latex/oberdiek/kvoptions.sty
Package: kvoptions 2016/05/16 v3.12 Key value format for package options (HO)
)
\@linkdim=\dimen116
\Hy@linkcounter=\count101
\Hy@pagecounter=\count102

(c:/texlive/2017/texmf-dist/tex/latex/hyperref/pd1enc.def
File: pd1enc.def 2017/03/14 v6.85a Hyperref: PDFDocEncoding definition (HO)
)
\Hy@SavedSpaceFactor=\count103

(c:/texlive/2017/texmf-dist/tex/latex/latexconfig/hyperref.cfg
File: hyperref.cfg 2002/06/06 v1.2 hyperref configuration of TeXLive
)
Package hyperref Info: Hyper figures OFF on input line 4498.
Package hyperref Info: Link nesting OFF on input line 4503.
Package hyperref Info: Hyper index ON on input line 4506.
Package hyperref Info: Plain pages OFF on input line 4513.
Package hyperref Info: Backreferencing OFF on input line 4518.
Package hyperref Info: Implicit mode ON; LaTeX internals redefined.
Package hyperref Info: Bookmarks ON on input line 4751.
\c@Hy@tempcnt=\count104

(c:/texlive/2017/texmf-dist/tex/latex/url/url.sty
\Urlmuskip=\muskip11
Package: url 2013/09/16  ver 3.4  Verb mode for urls, etc.
)
LaTeX Info: Redefining \url on input line 5104.
\XeTeXLinkMargin=\dimen117
\Fld@menulength=\count105
\Field@Width=\dimen118
\Fld@charsize=\dimen119
Package hyperref Info: Hyper figures OFF on input line 6358.
Package hyperref Info: Link nesting OFF on input line 6363.
Package hyperref Info: Hyper index ON on input line 6366.
Package hyperref Info: backreferencing OFF on input line 6373.
Package hyperref Info: Link coloring OFF on input line 6378.
Package hyperref Info: Link coloring with OCG OFF on input line 6383.
Package hyperref Info: PDF/A mode OFF on input line 6388.
LaTeX Info: Redefining \ref on input line 6428.
LaTeX Info: Redefining \pageref on input line 6432.
\Hy@abspage=\count106
\c@Item=\count107
\c@Hfootnote=\count108
)

Package hyperref Message: Driver (autodetected): hpdftex.

(c:/texlive/2017/texmf-dist/tex/latex/hyperref/hpdftex.def
File: hpdftex.def 2017/03/14 v6.85a Hyperref driver for pdfTeX
\Fld@listcount=\count109
\c@bookmark@seq@number=\count110

(c:/texlive/2017/texmf-dist/tex/latex/oberdiek/rerunfilecheck.sty
Package: rerunfilecheck 2016/05/16 v1.8 Rerun checks for auxiliary files (HO)
Package uniquecounter Info: New unique counter `rerunfilecheck' on input line 2
82.
)
\Hy@SectionHShift=\skip46
)
(./iberamia.sty
Package: iberamia 

Inteligencia Artificial, Revista Iberoamericana de Inteligencia Artificial
\c@year=\count111
\c@volume=\count112
\c@issue=\count113
) (./iberamia_original.aux
LaTeX Info: Redefining \. on input line 29.
LaTeX Info: Redefining \% on input line 29.
)
\openout1 = `iberamia_original.aux'.

LaTeX Font Info:    Checking defaults for OML/cmm/m/it on input line 60.
LaTeX Font Info:    ... okay on input line 60.
LaTeX Font Info:    Checking defaults for T1/cmr/m/n on input line 60.
LaTeX Font Info:    ... okay on input line 60.
LaTeX Font Info:    Checking defaults for OT1/cmr/m/n on input line 60.
LaTeX Font Info:    ... okay on input line 60.
LaTeX Font Info:    Checking defaults for OMS/cmsy/m/n on input line 60.
LaTeX Font Info:    ... okay on input line 60.
LaTeX Font Info:    Checking defaults for OMX/cmex/m/n on input line 60.
LaTeX Font Info:    ... okay on input line 60.
LaTeX Font Info:    Checking defaults for U/cmr/m/n on input line 60.
LaTeX Font Info:    ... okay on input line 60.
LaTeX Font Info:    Checking defaults for PD1/pdf/m/n on input line 60.
LaTeX Font Info:    ... okay on input line 60.
LaTeX Info: Redefining \. on input line 60.
LaTeX Info: Redefining \% on input line 60.

(c:/texlive/2017/texmf-dist/tex/context/base/mkii/supp-pdf.mkii
[Loading MPS to PDF converter (version 2006.09.02).]
\scratchcounter=\count114
\scratchdimen=\dimen120
\scratchbox=\box28
\nofMPsegments=\count115
\nofMParguments=\count116
\everyMPshowfont=\toks26
\MPscratchCnt=\count117
\MPscratchDim=\dimen121
\MPnumerator=\count118
\makeMPintoPDFobject=\count119
\everyMPtoPDFconversion=\toks27
) (c:/texlive/2017/texmf-dist/tex/latex/oberdiek/epstopdf-base.sty
Package: epstopdf-base 2016/05/15 v2.6 Base part for package epstopdf

(c:/texlive/2017/texmf-dist/tex/latex/oberdiek/grfext.sty
Package: grfext 2016/05/16 v1.2 Manage graphics extensions (HO)
)
Package epstopdf-base Info: Redefining graphics rule for `.eps' on input line 4
38.
Package grfext Info: Graphics extension search list:
(grfext)             [.pdf,.png,.jpg,.mps,.jpeg,.jbig2,.jb2,.PDF,.PNG,.JPG,.JPE
G,.JBIG2,.JB2,.eps]
(grfext)             \AppendGraphicsExtensions on input line 456.

(c:/texlive/2017/texmf-dist/tex/latex/latexconfig/epstopdf-sys.cfg
File: epstopdf-sys.cfg 2010/07/13 v1.3 Configuration of (r)epstopdf for TeX Liv
e
))
\AtBeginShipoutBox=\box29
Package hyperref Info: Link coloring OFF on input line 60.

(c:/texlive/2017/texmf-dist/tex/latex/hyperref/nameref.sty
Package: nameref 2016/05/21 v2.44 Cross-referencing by name of section

(c:/texlive/2017/texmf-dist/tex/generic/oberdiek/gettitlestring.sty
Package: gettitlestring 2016/05/16 v1.5 Cleanup title references (HO)
)
\c@section@level=\count120
)
LaTeX Info: Redefining \ref on input line 60.
LaTeX Info: Redefining \pageref on input line 60.
LaTeX Info: Redefining \nameref on input line 60.

(./iberamia_original.out) (./iberamia_original.out)
\@outlinefile=\write3
\openout3 = `iberamia_original.out'.

Package babel Info: Redefining spanish shorthand <<
(babel)             in language  on input line 83.
Package babel Info: Redefining spanish shorthand >>
(babel)             in language  on input line 83.
Package babel Info: Redefining spanish shorthand "=
(babel)             in language  on input line 83.
Package babel Info: Redefining spanish shorthand "~
(babel)             in language  on input line 83.
Package babel Info: Redefining spanish shorthand "!
(babel)             in language  on input line 83.
Package babel Info: Redefining spanish shorthand "?
(babel)             in language  on input line 83.
LaTeX Font Info:    Try loading font information for U+msa on input line 85.

(c:/texlive/2017/texmf-dist/tex/latex/amsfonts/umsa.fd
File: umsa.fd 2013/01/14 v3.01 AMS symbols A
)
LaTeX Font Info:    Try loading font information for U+msb on input line 85.

(c:/texlive/2017/texmf-dist/tex/latex/amsfonts/umsb.fd
File: umsb.fd 2013/01/14 v3.01 AMS symbols B
)
<figura1.jpg, id=46, 187.70125pt x 82.3075pt>
File: figura1.jpg Graphic file (type jpg)
<use figura1.jpg>
Package pdftex.def Info: figura1.jpg  used on input line 107. on input line 107
.
Package pdftex.def Info: Requested size: 187.70079pt x 82.30728pt on input line
 107.
Package babel Info: Redefining spanish shorthand <<
(babel)             in language  on input line 132.
Package babel Info: Redefining spanish shorthand >>
(babel)             in language  on input line 132.
Package babel Info: Redefining spanish shorthand "=
(babel)             in language  on input line 132.
Package babel Info: Redefining spanish shorthand "~
(babel)             in language  on input line 132.
Package babel Info: Redefining spanish shorthand "!
(babel)             in language  on input line 132.
Package babel Info: Redefining spanish shorthand "?
(babel)             in language  on input line 132.


LaTeX Warning: Citation `pearl1984' on page 123 undefined on input line 134.


LaTeX Warning: Citation `hartetal1968' on page 123 undefined on input line 134.



LaTeX Warning: Citation `korf1985' on page 123 undefined on input line 134.


LaTeX Warning: Citation `oetikeretal2008' on page 123 undefined on input line 1
35.

LaTeX Font Info:    Try loading font information for OMS+cmr on input line 137.

(c:/texlive/2017/texmf-dist/tex/latex/base/omscmr.fd
File: omscmr.fd 2014/09/29 v2.5h Standard LaTeX font definitions
)
LaTeX Font Info:    Font shape `OMS/cmr/m/n' in size <10> not available
(Font)              Font shape `OMS/cmsy/m/n' tried instead on input line 137.


LaTeX Warning: Citation `vovk2007' on page 123 undefined on input line 138.


LaTeX Warning: Citation `oetikeretal2008' on page 123 undefined on input line 1
39.

<logo.jpg, id=48, 557.08125pt x 562.1pt>
File: logo.jpg Graphic file (type jpg)
<use logo.jpg>
Package pdftex.def Info: logo.jpg  used on input line 142. on input line 142.
Package pdftex.def Info: Requested size: 557.0799pt x 562.09863pt on input line
 142.
LaTeX Font Info:    Font shape `OMS/cmr/bx/n' in size <8> not available
(Font)              Font shape `OMS/cmsy/b/n' tried instead on input line 142.
Package babel Info: Redefining spanish shorthand <<
(babel)             in language  on input line 142.
Package babel Info: Redefining spanish shorthand >>
(babel)             in language  on input line 142.
Package babel Info: Redefining spanish shorthand "=
(babel)             in language  on input line 142.
Package babel Info: Redefining spanish shorthand "~
(babel)             in language  on input line 142.
Package babel Info: Redefining spanish shorthand "!
(babel)             in language  on input line 142.
Package babel Info: Redefining spanish shorthand "?
(babel)             in language  on input line 142.
Package babel Info: Redefining spanish shorthand <<
(babel)             in language  on input line 142.
Package babel Info: Redefining spanish shorthand >>
(babel)             in language  on input line 142.
Package babel Info: Redefining spanish shorthand "=
(babel)             in language  on input line 142.
Package babel Info: Redefining spanish shorthand "~
(babel)             in language  on input line 142.
Package babel Info: Redefining spanish shorthand "!
(babel)             in language  on input line 142.
Package babel Info: Redefining spanish shorthand "?
(babel)             in language  on input line 142.
[123{c:/texlive/2017/texmf-var/fonts/map/pdftex/updmap/pdftex.map}

 <./logo.jpg>]
Package babel Info: Redefining spanish shorthand <<
(babel)             in language  on input line 143.
Package babel Info: Redefining spanish shorthand >>
(babel)             in language  on input line 143.
Package babel Info: Redefining spanish shorthand "=
(babel)             in language  on input line 143.
Package babel Info: Redefining spanish shorthand "~
(babel)             in language  on input line 143.
Package babel Info: Redefining spanish shorthand "!
(babel)             in language  on input line 143.
Package babel Info: Redefining spanish shorthand "?
(babel)             in language  on input line 143.
Package babel Info: Redefining spanish shorthand <<
(babel)             in language  on input line 155.
Package babel Info: Redefining spanish shorthand >>
(babel)             in language  on input line 155.
Package babel Info: Redefining spanish shorthand "=
(babel)             in language  on input line 155.
Package babel Info: Redefining spanish shorthand "~
(babel)             in language  on input line 155.
Package babel Info: Redefining spanish shorthand "!
(babel)             in language  on input line 155.
Package babel Info: Redefining spanish shorthand "?
(babel)             in language  on input line 155.
<print-doi.jpg, id=71, 704.6325pt x 530.98375pt>
File: print-doi.jpg Graphic file (type jpg)
<use print-doi.jpg>
Package pdftex.def Info: print-doi.jpg  used on input line 166. on input line 1
66.
Package pdftex.def Info: Requested size: 704.6308pt x 530.98244pt on input line
 166.
<home-doi.jpg, id=72, 608.2725pt x 339.2675pt>
File: home-doi.jpg Graphic file (type jpg)
<use home-doi.jpg>
Package pdftex.def Info: home-doi.jpg  used on input line 174. on input line 17
4.
Package pdftex.def Info: Requested size: 608.27103pt x 339.26666pt on input lin
e 174.
Package babel Info: Redefining spanish shorthand <<
(babel)             in language  on input line 181.
Package babel Info: Redefining spanish shorthand >>
(babel)             in language  on input line 181.
Package babel Info: Redefining spanish shorthand "=
(babel)             in language  on input line 181.
Package babel Info: Redefining spanish shorthand "~
(babel)             in language  on input line 181.
Package babel Info: Redefining spanish shorthand "!
(babel)             in language  on input line 181.
Package babel Info: Redefining spanish shorthand "?
(babel)             in language  on input line 181.
Package babel Info: Redefining spanish shorthand <<
(babel)             in language  on input line 193.
Package babel Info: Redefining spanish shorthand >>
(babel)             in language  on input line 193.
Package babel Info: Redefining spanish shorthand "=
(babel)             in language  on input line 193.
Package babel Info: Redefining spanish shorthand "~
(babel)             in language  on input line 193.
Package babel Info: Redefining spanish shorthand "!
(babel)             in language  on input line 193.
Package babel Info: Redefining spanish shorthand "?
(babel)             in language  on input line 193.
Package babel Info: Redefining spanish shorthand <<
(babel)             in language  on input line 196.
Package babel Info: Redefining spanish shorthand >>
(babel)             in language  on input line 196.
Package babel Info: Redefining spanish shorthand "=
(babel)             in language  on input line 196.
Package babel Info: Redefining spanish shorthand "~
(babel)             in language  on input line 196.
Package babel Info: Redefining spanish shorthand "!
(babel)             in language  on input line 196.
Package babel Info: Redefining spanish shorthand "?
(babel)             in language  on input line 196.
Package babel Info: Redefining spanish shorthand <<
(babel)             in language  on input line 200.
Package babel Info: Redefining spanish shorthand >>
(babel)             in language  on input line 200.
Package babel Info: Redefining spanish shorthand "=
(babel)             in language  on input line 200.
Package babel Info: Redefining spanish shorthand "~
(babel)             in language  on input line 200.
Package babel Info: Redefining spanish shorthand "!
(babel)             in language  on input line 200.
Package babel Info: Redefining spanish shorthand "?
(babel)             in language  on input line 200.
Package babel Info: Redefining spanish shorthand <<
(babel)             in language  on input line 200.
Package babel Info: Redefining spanish shorthand >>
(babel)             in language  on input line 200.
Package babel Info: Redefining spanish shorthand "=
(babel)             in language  on input line 200.
Package babel Info: Redefining spanish shorthand "~
(babel)             in language  on input line 200.
Package babel Info: Redefining spanish shorthand "!
(babel)             in language  on input line 200.
Package babel Info: Redefining spanish shorthand "?
(babel)             in language  on input line 200.
 [124 <./figura1.jpg>]
Package babel Info: Redefining spanish shorthand <<
(babel)             in language  on input line 200.
Package babel Info: Redefining spanish shorthand >>
(babel)             in language  on input line 200.
Package babel Info: Redefining spanish shorthand "=
(babel)             in language  on input line 200.
Package babel Info: Redefining spanish shorthand "~
(babel)             in language  on input line 200.
Package babel Info: Redefining spanish shorthand "!
(babel)             in language  on input line 200.
Package babel Info: Redefining spanish shorthand "?
(babel)             in language  on input line 200.
Package babel Info: Redefining spanish shorthand <<
(babel)             in language  on input line 200.
Package babel Info: Redefining spanish shorthand >>
(babel)             in language  on input line 200.
Package babel Info: Redefining spanish shorthand "=
(babel)             in language  on input line 200.
Package babel Info: Redefining spanish shorthand "~
(babel)             in language  on input line 200.
Package babel Info: Redefining spanish shorthand "!
(babel)             in language  on input line 200.
Package babel Info: Redefining spanish shorthand "?
(babel)             in language  on input line 200.
 [125 <./print-doi.jpg> <./home-doi.jpg>]
Package babel Info: Redefining spanish shorthand <<
(babel)             in language  on input line 220.
Package babel Info: Redefining spanish shorthand >>
(babel)             in language  on input line 220.
Package babel Info: Redefining spanish shorthand "=
(babel)             in language  on input line 220.
Package babel Info: Redefining spanish shorthand "~
(babel)             in language  on input line 220.
Package babel Info: Redefining spanish shorthand "!
(babel)             in language  on input line 220.
Package babel Info: Redefining spanish shorthand "?
(babel)             in language  on input line 220.
Package babel Info: Redefining spanish shorthand <<
(babel)             in language  on input line 231.
Package babel Info: Redefining spanish shorthand >>
(babel)             in language  on input line 231.
Package babel Info: Redefining spanish shorthand "=
(babel)             in language  on input line 231.
Package babel Info: Redefining spanish shorthand "~
(babel)             in language  on input line 231.
Package babel Info: Redefining spanish shorthand "!
(babel)             in language  on input line 231.
Package babel Info: Redefining spanish shorthand "?
(babel)             in language  on input line 231.
Package babel Info: Redefining spanish shorthand <<
(babel)             in language  on input line 244.
Package babel Info: Redefining spanish shorthand >>
(babel)             in language  on input line 244.
Package babel Info: Redefining spanish shorthand "=
(babel)             in language  on input line 244.
Package babel Info: Redefining spanish shorthand "~
(babel)             in language  on input line 244.
Package babel Info: Redefining spanish shorthand "!
(babel)             in language  on input line 244.
Package babel Info: Redefining spanish shorthand "?
(babel)             in language  on input line 244.

(./iberamia_original.bbl
Package babel Info: Redefining spanish shorthand <<
(babel)             in language  on input line 1.
Package babel Info: Redefining spanish shorthand >>
(babel)             in language  on input line 1.
Package babel Info: Redefining spanish shorthand "=
(babel)             in language  on input line 1.
Package babel Info: Redefining spanish shorthand "~
(babel)             in language  on input line 1.
Package babel Info: Redefining spanish shorthand "!
(babel)             in language  on input line 1.
Package babel Info: Redefining spanish shorthand "?
(babel)             in language  on input line 1.
Package babel Info: Redefining spanish shorthand <<
(babel)             in language  on input line 1.
Package babel Info: Redefining spanish shorthand >>
(babel)             in language  on input line 1.
Package babel Info: Redefining spanish shorthand "=
(babel)             in language  on input line 1.
Package babel Info: Redefining spanish shorthand "~
(babel)             in language  on input line 1.
Package babel Info: Redefining spanish shorthand "!
(babel)             in language  on input line 1.
Package babel Info: Redefining spanish shorthand "?
(babel)             in language  on input line 1.
 [126]

LaTeX Warning: Empty `thebibliography' environment on input line 3.

) AED: lastpage setting LastPage
Package babel Info: Redefining spanish shorthand <<
(babel)             in language  on input line 258.
Package babel Info: Redefining spanish shorthand >>
(babel)             in language  on input line 258.
Package babel Info: Redefining spanish shorthand "=
(babel)             in language  on input line 258.
Package babel Info: Redefining spanish shorthand "~
(babel)             in language  on input line 258.
Package babel Info: Redefining spanish shorthand "!
(babel)             in language  on input line 258.
Package babel Info: Redefining spanish shorthand "?
(babel)             in language  on input line 258.
Package babel Info: Redefining spanish shorthand <<
(babel)             in language  on input line 258.
Package babel Info: Redefining spanish shorthand >>
(babel)             in language  on input line 258.
Package babel Info: Redefining spanish shorthand "=
(babel)             in language  on input line 258.
Package babel Info: Redefining spanish shorthand "~
(babel)             in language  on input line 258.
Package babel Info: Redefining spanish shorthand "!
(babel)             in language  on input line 258.
Package babel Info: Redefining spanish shorthand "?
(babel)             in language  on input line 258.
 [127]
Package babel Info: Redefining spanish shorthand <<
(babel)             in language  on input line 258.
Package babel Info: Redefining spanish shorthand >>
(babel)             in language  on input line 258.
Package babel Info: Redefining spanish shorthand "=
(babel)             in language  on input line 258.
Package babel Info: Redefining spanish shorthand "~
(babel)             in language  on input line 258.
Package babel Info: Redefining spanish shorthand "!
(babel)             in language  on input line 258.
Package babel Info: Redefining spanish shorthand "?
(babel)             in language  on input line 258.
Package atveryend Info: Empty hook `BeforeClearDocument' on input line 258.
Package atveryend Info: Empty hook `AfterLastShipout' on input line 258.
 (./iberamia_original.aux
LaTeX Info: Redefining \. on input line 29.
LaTeX Info: Redefining \% on input line 29.
)
Package atveryend Info: Executing hook `AtVeryEndDocument' on input line 258.
Package atveryend Info: Executing hook `AtEndAfterFileList' on input line 258.
Package rerunfilecheck Info: File `iberamia_original.out' has not changed.
(rerunfilecheck)             Checksum: 4C9192AE9D9B5CAA16E766ADB9A4E1F8;663.


LaTeX Warning: There were undefined references.

Package atveryend Info: Empty hook `AtVeryVeryEnd' on input line 258.
 ) 
Here is how much of TeX's memory you used:
 7106 strings out of 492990
 99855 string characters out of 6136335
 198406 words of memory out of 5000000
 10543 multiletter control sequences out of 15000+600000
 9401 words of font info for 36 fonts, out of 8000000 for 9000
 1141 hyphenation exceptions out of 8191
 30i,17n,43p,570b,491s stack positions out of 5000i,500n,10000p,200000b,80000s
<c:/texlive/2017/texmf-dist/fonts/type1/public/amsfonts/cmextra/cmbsy8.pfb><c
:/texlive/2017/texmf-dist/fonts/type1/public/amsfonts/cm/cmbx10.pfb><c:/texlive
/2017/texmf-dist/fonts/type1/public/amsfonts/cm/cmbx12.pfb><c:/texlive/2017/tex
mf-dist/fonts/type1/public/amsfonts/cm/cmbx8.pfb><c:/texlive/2017/texmf-dist/fo
nts/type1/public/amsfonts/cm/cmbx9.pfb><c:/texlive/2017/texmf-dist/fonts/type1/
public/amsfonts/cm/cmr10.pfb><c:/texlive/2017/texmf-dist/fonts/type1/public/ams
fonts/cm/cmr12.pfb><c:/texlive/2017/texmf-dist/fonts/type1/public/amsfonts/cm/c
mr7.pfb><c:/texlive/2017/texmf-dist/fonts/type1/public/amsfonts/cm/cmr8.pfb><c:
/texlive/2017/texmf-dist/fonts/type1/public/amsfonts/cm/cmr9.pfb><c:/texlive/20
17/texmf-dist/fonts/type1/public/amsfonts/cm/cmsy10.pfb><c:/texlive/2017/texmf-
dist/fonts/type1/public/amsfonts/cm/cmtt10.pfb>
Output written on iberamia_original.pdf (5 pages, 409239 bytes).
PDF statistics:
 140 PDF objects out of 1000 (max. 8388607)
 115 compressed objects within 2 object streams
 22 named destinations out of 1000 (max. 500000)
 101 words of extra memory for PDF output out of 10000 (max. 10000000)

