\BOOKMARK [1][-]{section.1}{Introduction}{}% 1
\BOOKMARK [1][-]{section.2}{Data Compression as an Artificial Intelligence Field}{}% 2
\BOOKMARK [1][-]{section.3}{RNNs for Data Compression}{}% 3
\BOOKMARK [1][-]{section.4}{Sentiment Analysis}{}% 4
\BOOKMARK [2][-]{subsection.4.1}{A Qualitative Approach}{section.4}% 5
\BOOKMARK [2][-]{subsection.4.2}{Data Set Preparation}{section.4}% 6
\BOOKMARK [2][-]{subsection.4.3}{PAQ for Sentiment Analysis}{section.4}% 7
\BOOKMARK [2][-]{subsection.4.4}{Experiment Results}{section.4}% 8
\BOOKMARK [1][-]{section.5}{Automatic Text Generation}{}% 9
\BOOKMARK [2][-]{subsection.5.1}{Data Model}{section.5}% 10
\BOOKMARK [2][-]{subsection.5.2}{Text Generation}{section.5}% 11
\BOOKMARK [2][-]{subsection.5.3}{Metrics}{section.5}% 12
\BOOKMARK [3][-]{subsubsection.5.3.1}{Pearson's Chi-Squared}{subsection.5.3}% 13
\BOOKMARK [3][-]{subsubsection.5.3.2}{Total Variation}{subsection.5.3}% 14
\BOOKMARK [3][-]{subsubsection.5.3.3}{Generalized Jaccard Similarity}{subsection.5.3}% 15
\BOOKMARK [1][-]{section.6}{References}{}% 16
\BOOKMARK [2][-]{subsection.6.1}{What is a DOI?}{section.6}% 17
\BOOKMARK [2][-]{subsection.6.2}{Where can I find the DOI of my references?}{section.6}% 18
\BOOKMARK [2][-]{subsection.6.3}{Why is it important to include DOI numbers in references \(when available\)?}{section.6}% 19
\BOOKMARK [1][-]{section.7}{Journal Scope}{}% 20
\BOOKMARK [1][-]{section.8}{Manuscript Submission and Review}{}% 21
\BOOKMARK [1][-]{section.9}{Originality and Copyright}{}% 22
\BOOKMARK [1][-]{section.10}{Monographs and Special Issues}{}% 23
\BOOKMARK [1][-]{section.11}{Theses Summaries }{}% 24
